<?xml version="1.0" encoding="UTF-8"?>
<!-- Generated by org.testng.reporters.JUnitReportReporter -->
<testsuite hostname="DESKTOP-B4VSVEU" failures="0" tests="1" name="testcases_package.Testcase_SanityTesting" time="10.426" errors="0" timestamp="2022-05-03T18:46:36 IST" skipped="0">
  <testcase classname="testcases_package.Testcase_SanityTesting" name="loginTest" time="10.426"/>
  <system-out/>
</testsuite> <!-- testcases_package.Testcase_SanityTesting -->
