<?xml version="1.0" encoding="UTF-8"?>
<!-- Generated by org.testng.reporters.JUnitReportReporter -->
<testsuite hostname="DESKTOP-GH9PSVH" failures="0" tests="1" name="testcases_package.TestCase001_Login_Flipkart" time="21.602" errors="0" timestamp="2021-06-08T21:30:44 IST" skipped="0">
  <testcase classname="testcases_package.TestCase001_Login_Flipkart" name="loginTest" time="21.602"/>
  <system-out/>
</testsuite> <!-- testcases_package.TestCase001_Login_Flipkart -->
