<?xml version="1.0" encoding="UTF-8"?>
<!-- Generated by org.testng.reporters.JUnitReportReporter -->
<testsuite hostname="DESKTOP-GH9PSVH" failures="0" tests="1" name="testcases_package.Testcase005" time="4.205" errors="0" timestamp="2021-06-11T22:16:49 IST" skipped="0">
  <testcase classname="testcases_package.Testcase005" name="loginTest" time="4.205"/>
  <system-out/>
</testsuite> <!-- testcases_package.Testcase005 -->
