<?xml version="1.0" encoding="UTF-8"?>
<!-- Generated by org.testng.reporters.JUnitReportReporter -->
<testsuite hostname="DESKTOP-GH9PSVH" failures="0" tests="1" name="testcases_package.TestCase001_Login_Logout_Flipkart" time="23.086" errors="0" timestamp="2021-06-09T11:54:57 IST" skipped="0">
  <testcase classname="testcases_package.TestCase001_Login_Logout_Flipkart" name="loginTest" time="23.086"/>
  <system-out/>
</testsuite> <!-- testcases_package.TestCase001_Login_Logout_Flipkart -->
